<?xml version="1.0" encoding="UTF-8"?>
<testsuite name="com.foo.endpoint.ProgrammerEndpointTest" tests="8" skipped="0" failures="0" errors="0" timestamp="2017-01-09T15:43:40" hostname="Pivotals-iMac-100.local" time="0.238">
  <properties/>
  <testcase name="shouldBeAbleToGetAllPairs" classname="com.foo.endpoint.ProgrammerEndpointTest" time="0.122"/>
  <testcase name="shouldBeAbleToDeleteAProgrammer" classname="com.foo.endpoint.ProgrammerEndpointTest" time="0.02"/>
  <testcase name="shouldBeAbleToGetAllProgrammers" classname="com.foo.endpoint.ProgrammerEndpointTest" time="0.014"/>
  <testcase name="shouldReturnAPair" classname="com.foo.endpoint.ProgrammerEndpointTest" time="0.019"/>
  <testcase name="shouldMapProgrammerPostToAnEndpoint" classname="com.foo.endpoint.ProgrammerEndpointTest" time="0.01"/>
  <testcase name="shouldSaveProgrammerToTheDataBase" classname="com.foo.endpoint.ProgrammerEndpointTest" time="0.013"/>
  <testcase name="shouldBeAbleToChangeAProgrammersUnicorn" classname="com.foo.endpoint.ProgrammerEndpointTest" time="0.016"/>
  <testcase name="shouldBeAbleToGetAllUnicorns" classname="com.foo.endpoint.ProgrammerEndpointTest" time="0.018"/>
  <system-out><![CDATA[09:43:36.407 [Test worker] DEBUG org.springframework.test.context.junit4.SpringJUnit4ClassRunner - SpringJUnit4ClassRunner constructor called with [class com.foo.endpoint.ProgrammerEndpointTest]
09:43:36.411 [Test worker] DEBUG org.springframework.test.context.BootstrapUtils - Instantiating CacheAwareContextLoaderDelegate from class [org.springframework.test.context.cache.DefaultCacheAwareContextLoaderDelegate]
09:43:36.417 [Test worker] DEBUG org.springframework.test.context.BootstrapUtils - Instantiating BootstrapContext using constructor [public org.springframework.test.context.support.DefaultBootstrapContext(java.lang.Class,org.springframework.test.context.CacheAwareContextLoaderDelegate)]
09:43:36.434 [Test worker] DEBUG org.springframework.test.context.BootstrapUtils - Instantiating TestContextBootstrapper for test class [com.foo.endpoint.ProgrammerEndpointTest] from class [org.springframework.boot.test.context.SpringBootTestContextBootstrapper]
09:43:36.443 [Test worker] INFO org.springframework.boot.test.context.SpringBootTestContextBootstrapper - Neither @ContextConfiguration nor @ContextHierarchy found for test class [com.foo.endpoint.ProgrammerEndpointTest], using SpringBootContextLoader
09:43:36.446 [Test worker] DEBUG org.springframework.test.context.support.AbstractContextLoader - Did not detect default resource location for test class [com.foo.endpoint.ProgrammerEndpointTest]: class path resource [com/foo/endpoint/ProgrammerEndpointTest-context.xml] does not exist
09:43:36.447 [Test worker] DEBUG org.springframework.test.context.support.AbstractContextLoader - Did not detect default resource location for test class [com.foo.endpoint.ProgrammerEndpointTest]: class path resource [com/foo/endpoint/ProgrammerEndpointTestContext.groovy] does not exist
09:43:36.447 [Test worker] INFO org.springframework.test.context.support.AbstractContextLoader - Could not detect default resource locations for test class [com.foo.endpoint.ProgrammerEndpointTest]: no resource found for suffixes {-context.xml, Context.groovy}.
09:43:36.490 [Test worker] DEBUG org.springframework.test.context.support.ActiveProfilesUtils - Could not find an 'annotation declaring class' for annotation type [org.springframework.test.context.ActiveProfiles] and class [com.foo.endpoint.ProgrammerEndpointTest]
09:43:36.497 [Test worker] DEBUG org.springframework.boot.test.context.SpringBootTestContextBootstrapper - @TestExecutionListeners is not present for class [com.foo.endpoint.ProgrammerEndpointTest]: using defaults.
09:43:36.501 [Test worker] INFO org.springframework.boot.test.context.SpringBootTestContextBootstrapper - Loaded default TestExecutionListener class names from location [META-INF/spring.factories]: [org.springframework.boot.test.mock.mockito.MockitoTestExecutionListener, org.springframework.boot.test.mock.mockito.ResetMocksTestExecutionListener, org.springframework.boot.test.autoconfigure.restdocs.RestDocsTestExecutionListener, org.springframework.boot.test.autoconfigure.web.client.MockRestServiceServerResetTestExecutionListener, org.springframework.boot.test.autoconfigure.web.servlet.MockMvcPrintOnlyOnFailureTestExecutionListener, org.springframework.boot.test.autoconfigure.web.servlet.WebDriverTestExecutionListener, org.springframework.test.context.web.ServletTestExecutionListener, org.springframework.test.context.support.DirtiesContextBeforeModesTestExecutionListener, org.springframework.test.context.support.DependencyInjectionTestExecutionListener, org.springframework.test.context.support.DirtiesContextTestExecutionListener, org.springframework.test.context.transaction.TransactionalTestExecutionListener, org.springframework.test.context.jdbc.SqlScriptsTestExecutionListener]
09:43:36.516 [Test worker] INFO org.springframework.boot.test.context.SpringBootTestContextBootstrapper - Using TestExecutionListeners: [org.springframework.test.context.web.ServletTestExecutionListener@496901d, org.springframework.test.context.support.DirtiesContextBeforeModesTestExecutionListener@20004a38, org.springframework.boot.test.autoconfigure.SpringBootDependencyInjectionTestExecutionListener@4ea61985, org.springframework.test.context.support.DirtiesContextTestExecutionListener@1b60e3ed, org.springframework.test.context.transaction.TransactionalTestExecutionListener@2b469ee4, org.springframework.test.context.jdbc.SqlScriptsTestExecutionListener@9b5503e, org.springframework.boot.test.mock.mockito.ResetMocksTestExecutionListener@77210abc, org.springframework.boot.test.autoconfigure.restdocs.RestDocsTestExecutionListener@6bc2e03e, org.springframework.boot.test.autoconfigure.web.client.MockRestServiceServerResetTestExecutionListener@74ece21c, org.springframework.boot.test.autoconfigure.web.servlet.MockMvcPrintOnlyOnFailureTestExecutionListener@577b681f, org.springframework.boot.test.mock.mockito.MockitoTestExecutionListener@28f0fca6, org.springframework.boot.test.autoconfigure.web.servlet.WebDriverTestExecutionListener@544f3a96]
09:43:36.519 [Test worker] DEBUG org.springframework.test.annotation.ProfileValueUtils - Retrieved @ProfileValueSourceConfiguration [null] for test class [com.foo.endpoint.ProgrammerEndpointTest]
09:43:36.519 [Test worker] DEBUG org.springframework.test.annotation.ProfileValueUtils - Retrieved ProfileValueSource type [class org.springframework.test.annotation.SystemProfileValueSource] for class [com.foo.endpoint.ProgrammerEndpointTest]
09:43:36.520 [Test worker] DEBUG org.springframework.test.annotation.ProfileValueUtils - Retrieved @ProfileValueSourceConfiguration [null] for test class [com.foo.endpoint.ProgrammerEndpointTest]
09:43:36.520 [Test worker] DEBUG org.springframework.test.annotation.ProfileValueUtils - Retrieved ProfileValueSource type [class org.springframework.test.annotation.SystemProfileValueSource] for class [com.foo.endpoint.ProgrammerEndpointTest]
09:43:36.525 [Test worker] DEBUG org.springframework.test.context.support.AbstractDirtiesContextTestExecutionListener - Before test class: context [DefaultTestContext@1d5aaaab testClass = ProgrammerEndpointTest, testInstance = [null], testMethod = [null], testException = [null], mergedContextConfiguration = [WebMergedContextConfiguration@331b3569 testClass = ProgrammerEndpointTest, locations = '{}', classes = '{class com.testdb.TestContext, class com.foo.PAndUApiApplication, class com.testdb.TestContext, class com.foo.PAndUApiApplication}', contextInitializerClasses = '[]', activeProfiles = '{}', propertySourceLocations = '{}', propertySourceProperties = '{org.springframework.boot.test.context.SpringBootTestContextBootstrapper=true, server.port=0}', contextCustomizers = set[org.springframework.boot.test.context.ImportsContextCustomizer@1245a52, org.springframework.boot.test.context.SpringBootTestContextCustomizer@56240e7d, org.springframework.boot.test.context.filter.ExcludeFilterContextCustomizer@101a24d6, org.springframework.boot.test.mock.mockito.MockitoContextCustomizer@0, org.springframework.boot.test.autoconfigure.properties.PropertyMappingContextCustomizer@e7e8512, org.springframework.boot.test.autoconfigure.web.servlet.WebDriverContextCustomizerFactory$Customizer@e0c35ed], resourceBasePath = 'src/main/webapp', contextLoader = 'org.springframework.boot.test.context.SpringBootContextLoader', parent = [null]]], class annotated with @DirtiesContext [false] with mode [null].
09:43:36.525 [Test worker] DEBUG org.springframework.test.annotation.ProfileValueUtils - Retrieved @ProfileValueSourceConfiguration [null] for test class [com.foo.endpoint.ProgrammerEndpointTest]
09:43:36.525 [Test worker] DEBUG org.springframework.test.annotation.ProfileValueUtils - Retrieved ProfileValueSource type [class org.springframework.test.annotation.SystemProfileValueSource] for class [com.foo.endpoint.ProgrammerEndpointTest]
09:43:36.526 [Test worker] DEBUG org.springframework.test.context.support.DependencyInjectionTestExecutionListener - Performing dependency injection for test context [[DefaultTestContext@1d5aaaab testClass = ProgrammerEndpointTest, testInstance = com.foo.endpoint.ProgrammerEndpointTest@5b23b5af, testMethod = [null], testException = [null], mergedContextConfiguration = [WebMergedContextConfiguration@331b3569 testClass = ProgrammerEndpointTest, locations = '{}', classes = '{class com.testdb.TestContext, class com.foo.PAndUApiApplication, class com.testdb.TestContext, class com.foo.PAndUApiApplication}', contextInitializerClasses = '[]', activeProfiles = '{}', propertySourceLocations = '{}', propertySourceProperties = '{org.springframework.boot.test.context.SpringBootTestContextBootstrapper=true, server.port=0}', contextCustomizers = set[org.springframework.boot.test.context.ImportsContextCustomizer@1245a52, org.springframework.boot.test.context.SpringBootTestContextCustomizer@56240e7d, org.springframework.boot.test.context.filter.ExcludeFilterContextCustomizer@101a24d6, org.springframework.boot.test.mock.mockito.MockitoContextCustomizer@0, org.springframework.boot.test.autoconfigure.properties.PropertyMappingContextCustomizer@e7e8512, org.springframework.boot.test.autoconfigure.web.servlet.WebDriverContextCustomizerFactory$Customizer@e0c35ed], resourceBasePath = 'src/main/webapp', contextLoader = 'org.springframework.boot.test.context.SpringBootContextLoader', parent = [null]]]].
09:43:36.579 [Test worker] DEBUG org.springframework.core.env.StandardEnvironment - Adding [systemProperties] PropertySource with lowest search precedence
09:43:36.579 [Test worker] DEBUG org.springframework.core.env.StandardEnvironment - Adding [systemEnvironment] PropertySource with lowest search precedence
09:43:36.580 [Test worker] DEBUG org.springframework.core.env.StandardEnvironment - Initialized StandardEnvironment with PropertySources [systemProperties,systemEnvironment]
09:43:36.581 [Test worker] DEBUG org.springframework.test.context.support.TestPropertySourceUtils - Adding inlined properties to environment: {spring.jmx.enabled=false, org.springframework.boot.test.context.SpringBootTestContextBootstrapper=true, server.port=0}
09:43:36.582 [Test worker] DEBUG org.springframework.core.env.StandardEnvironment - Adding [Inlined Test Properties] PropertySource with highest search precedence

  .   ____          _            __ _ _
 /\\ / ___'_ __ _ _(_)_ __  __ _ \ \ \ \
( ( )\___ | '_ | '_| | '_ \/ _` | \ \ \ \
 \\/  ___)| |_)| | | | | || (_| |  ) ) ) )
  '  |____| .__|_| |_|_| |_\__, | / / / /
 =========|_|==============|___/=/_/_/_/
 :: Spring Boot ::        (v1.4.3.RELEASE)

2017-01-09 09:43:36.924  INFO 84823 --- [    Test worker] com.foo.endpoint.ProgrammerEndpointTest  : Starting ProgrammerEndpointTest on Pivotals-iMac-100.local with PID 84823 (started by pivotal in /Users/pivotal/workspace/in-memory-test-db/p-and-u-api)
2017-01-09 09:43:36.925  INFO 84823 --- [    Test worker] com.foo.endpoint.ProgrammerEndpointTest  : No active profile set, falling back to default profiles: default
2017-01-09 09:43:36.948  INFO 84823 --- [    Test worker] ationConfigEmbeddedWebApplicationContext : Refreshing org.springframework.boot.context.embedded.AnnotationConfigEmbeddedWebApplicationContext@2cc8696d: startup date [Mon Jan 09 09:43:36 CST 2017]; root of context hierarchy
2017-01-09 09:43:38.117  INFO 84823 --- [    Test worker] trationDelegate$BeanPostProcessorChecker : Bean 'org.springframework.transaction.annotation.ProxyTransactionManagementConfiguration' of type [class org.springframework.transaction.annotation.ProxyTransactionManagementConfiguration$$EnhancerBySpringCGLIB$$18ffeb2c] is not eligible for getting processed by all BeanPostProcessors (for example: not eligible for auto-proxying)
2017-01-09 09:43:38.476  INFO 84823 --- [    Test worker] s.b.c.e.t.TomcatEmbeddedServletContainer : Tomcat initialized with port(s): 0 (http)
2017-01-09 09:43:38.488  INFO 84823 --- [    Test worker] o.apache.catalina.core.StandardService   : Starting service Tomcat
2017-01-09 09:43:38.490  INFO 84823 --- [    Test worker] org.apache.catalina.core.StandardEngine  : Starting Servlet Engine: Apache Tomcat/8.5.6
2017-01-09 09:43:38.570  INFO 84823 --- [ost-startStop-1] o.a.c.c.C.[Tomcat].[localhost].[/]       : Initializing Spring embedded WebApplicationContext
2017-01-09 09:43:38.571  INFO 84823 --- [ost-startStop-1] o.s.web.context.ContextLoader            : Root WebApplicationContext: initialization completed in 1625 ms
2017-01-09 09:43:38.703  INFO 84823 --- [ost-startStop-1] o.s.b.w.servlet.ServletRegistrationBean  : Mapping servlet: 'dispatcherServlet' to [/]
2017-01-09 09:43:38.707  INFO 84823 --- [ost-startStop-1] o.s.b.w.servlet.FilterRegistrationBean   : Mapping filter: 'characterEncodingFilter' to: [/*]
2017-01-09 09:43:38.708  INFO 84823 --- [ost-startStop-1] o.s.b.w.servlet.FilterRegistrationBean   : Mapping filter: 'hiddenHttpMethodFilter' to: [/*]
2017-01-09 09:43:38.708  INFO 84823 --- [ost-startStop-1] o.s.b.w.servlet.FilterRegistrationBean   : Mapping filter: 'httpPutFormContentFilter' to: [/*]
2017-01-09 09:43:38.708  INFO 84823 --- [ost-startStop-1] o.s.b.w.servlet.FilterRegistrationBean   : Mapping filter: 'requestContextFilter' to: [/*]
2017-01-09 09:43:39.459  INFO 84823 --- [    Test worker] o.s.jdbc.datasource.init.ScriptUtils     : Executing SQL script from URL [jar:file:/Users/pivotal/workspace/in-memory-test-db/test-support/build/libs/test-support-1.0-SNAPSHOT.jar!/schema.sql]
2017-01-09 09:43:39.464  INFO 84823 --- [    Test worker] o.s.jdbc.datasource.init.ScriptUtils     : Executed SQL script from URL [jar:file:/Users/pivotal/workspace/in-memory-test-db/test-support/build/libs/test-support-1.0-SNAPSHOT.jar!/schema.sql] in 4 ms.
2017-01-09 09:43:39.467  INFO 84823 --- [    Test worker] o.s.jdbc.datasource.init.ScriptUtils     : Executing SQL script from URL [jar:file:/Users/pivotal/workspace/in-memory-test-db/test-support/build/libs/test-support-1.0-SNAPSHOT.jar!/data.sql]
2017-01-09 09:43:39.468  INFO 84823 --- [    Test worker] o.s.jdbc.datasource.init.ScriptUtils     : Executed SQL script from URL [jar:file:/Users/pivotal/workspace/in-memory-test-db/test-support/build/libs/test-support-1.0-SNAPSHOT.jar!/data.sql] in 1 ms.
2017-01-09 09:43:39.903  INFO 84823 --- [    Test worker] s.w.s.m.m.a.RequestMappingHandlerMapping : Mapped "{[/pairs],methods=[GET],produces=[application/json]}" onto public java.util.List<com.foo.doamins.Pair> com.foo.endpoint.ProgrammersEndPoint.getPairs()
2017-01-09 09:43:39.904  INFO 84823 --- [    Test worker] s.w.s.m.m.a.RequestMappingHandlerMapping : Mapped "{[/programmers],methods=[GET],produces=[application/json]}" onto public java.util.List<com.foo.doamins.Programmer> com.foo.endpoint.ProgrammersEndPoint.getProgrammers()
2017-01-09 09:43:39.904  INFO 84823 --- [    Test worker] s.w.s.m.m.a.RequestMappingHandlerMapping : Mapped "{[/unicorns],methods=[GET],produces=[application/json]}" onto public java.util.List<com.foo.doamins.Unicorn> com.foo.endpoint.ProgrammersEndPoint.getUnicorns()
2017-01-09 09:43:39.905  INFO 84823 --- [    Test worker] s.w.s.m.m.a.RequestMappingHandlerMapping : Mapped "{[/programmers],methods=[POST],consumes=[application/json],produces=[application/json]}" onto public com.foo.doamins.Pair com.foo.endpoint.ProgrammersEndPoint.createProgrammer(com.foo.doamins.Programmer)
2017-01-09 09:43:39.905  INFO 84823 --- [    Test worker] s.w.s.m.m.a.RequestMappingHandlerMapping : Mapped "{[/programmers/{programmerName}],methods=[PUT],consumes=[application/json],produces=[application/json]}" onto public com.foo.doamins.Pair com.foo.endpoint.ProgrammersEndPoint.updateProgrammer(java.lang.String,com.foo.doamins.Unicorn)
2017-01-09 09:43:39.905  INFO 84823 --- [    Test worker] s.w.s.m.m.a.RequestMappingHandlerMapping : Mapped "{[/programmers/{programmerName}],methods=[DELETE]}" onto public void com.foo.endpoint.ProgrammersEndPoint.updateProgrammer(java.lang.String)
2017-01-09 09:43:39.906  INFO 84823 --- [    Test worker] s.w.s.m.m.a.RequestMappingHandlerMapping : Mapped "{[/v2/api-docs],methods=[GET],produces=[application/json || application/hal+json]}" onto public org.springframework.http.ResponseEntity<springfox.documentation.spring.web.json.Json> springfox.documentation.swagger2.web.Swagger2Controller.getDocumentation(java.lang.String,javax.servlet.http.HttpServletRequest)
2017-01-09 09:43:39.909  INFO 84823 --- [    Test worker] s.w.s.m.m.a.RequestMappingHandlerMapping : Mapped "{[/swagger-resources/configuration/ui]}" onto org.springframework.http.ResponseEntity<springfox.documentation.swagger.web.UiConfiguration> springfox.documentation.swagger.web.ApiResourceController.uiConfiguration()
2017-01-09 09:43:39.909  INFO 84823 --- [    Test worker] s.w.s.m.m.a.RequestMappingHandlerMapping : Mapped "{[/swagger-resources/configuration/security]}" onto org.springframework.http.ResponseEntity<springfox.documentation.swagger.web.SecurityConfiguration> springfox.documentation.swagger.web.ApiResourceController.securityConfiguration()
2017-01-09 09:43:39.910  INFO 84823 --- [    Test worker] s.w.s.m.m.a.RequestMappingHandlerMapping : Mapped "{[/swagger-resources]}" onto org.springframework.http.ResponseEntity<java.util.List<springfox.documentation.swagger.web.SwaggerResource>> springfox.documentation.swagger.web.ApiResourceController.swaggerResources()
2017-01-09 09:43:39.913  INFO 84823 --- [    Test worker] s.w.s.m.m.a.RequestMappingHandlerMapping : Mapped "{[/error]}" onto public org.springframework.http.ResponseEntity<java.util.Map<java.lang.String, java.lang.Object>> org.springframework.boot.autoconfigure.web.BasicErrorController.error(javax.servlet.http.HttpServletRequest)
2017-01-09 09:43:39.914  INFO 84823 --- [    Test worker] s.w.s.m.m.a.RequestMappingHandlerMapping : Mapped "{[/error],produces=[text/html]}" onto public org.springframework.web.servlet.ModelAndView org.springframework.boot.autoconfigure.web.BasicErrorController.errorHtml(javax.servlet.http.HttpServletRequest,javax.servlet.http.HttpServletResponse)
2017-01-09 09:43:40.041  INFO 84823 --- [    Test worker] o.a.c.c.C.[Tomcat].[localhost].[/]       : Initializing Spring FrameworkServlet ''
2017-01-09 09:43:40.041  INFO 84823 --- [    Test worker] o.s.t.web.servlet.TestDispatcherServlet  : FrameworkServlet '': initialization started
2017-01-09 09:43:40.074  INFO 84823 --- [    Test worker] o.s.w.s.handler.SimpleUrlHandlerMapping  : Mapped URL path [/webjars/**] onto handler of type [class org.springframework.web.servlet.resource.ResourceHttpRequestHandler]
2017-01-09 09:43:40.074  INFO 84823 --- [    Test worker] o.s.w.s.handler.SimpleUrlHandlerMapping  : Mapped URL path [/**] onto handler of type [class org.springframework.web.servlet.resource.ResourceHttpRequestHandler]
2017-01-09 09:43:40.089  INFO 84823 --- [    Test worker] o.s.w.s.handler.SimpleUrlHandlerMapping  : Mapped URL path [/**/favicon.ico] onto handler of type [class org.springframework.web.servlet.resource.ResourceHttpRequestHandler]
2017-01-09 09:43:40.146  INFO 84823 --- [    Test worker] s.w.s.m.m.a.RequestMappingHandlerAdapter : Looking for @ControllerAdvice: org.springframework.boot.context.embedded.AnnotationConfigEmbeddedWebApplicationContext@2cc8696d: startup date [Mon Jan 09 09:43:36 CST 2017]; root of context hierarchy
2017-01-09 09:43:40.237  INFO 84823 --- [    Test worker] o.s.t.web.servlet.TestDispatcherServlet  : FrameworkServlet '': initialization completed in 195 ms
2017-01-09 09:43:40.397  INFO 84823 --- [    Test worker] o.s.c.support.DefaultLifecycleProcessor  : Starting beans in phase 2147483647
2017-01-09 09:43:40.398  INFO 84823 --- [    Test worker] d.s.w.p.DocumentationPluginsBootstrapper : Context refreshed
2017-01-09 09:43:40.415  INFO 84823 --- [    Test worker] d.s.w.p.DocumentationPluginsBootstrapper : Found 1 custom documentation plugin(s)
2017-01-09 09:43:40.428  INFO 84823 --- [    Test worker] s.d.s.w.s.ApiListingReferenceScanner     : Scanning for api listing references
2017-01-09 09:43:40.721  INFO 84823 --- [    Test worker] s.b.c.e.t.TomcatEmbeddedServletContainer : Tomcat started on port(s): 52320 (http)
2017-01-09 09:43:40.726  INFO 84823 --- [    Test worker] com.foo.endpoint.ProgrammerEndpointTest  : Started ProgrammerEndpointTest in 4.141 seconds (JVM running for 4.863)
2017-01-09 09:43:40.741  INFO 84823 --- [    Test worker] o.s.jdbc.datasource.init.ScriptUtils     : Executing SQL script from class path resource [drop_schema.sql]
2017-01-09 09:43:40.743  INFO 84823 --- [    Test worker] o.s.jdbc.datasource.init.ScriptUtils     : Executed SQL script from class path resource [drop_schema.sql] in 2 ms.
2017-01-09 09:43:40.743  INFO 84823 --- [    Test worker] o.s.jdbc.datasource.init.ScriptUtils     : Executing SQL script from class path resource [schema.sql]
2017-01-09 09:43:40.744  INFO 84823 --- [    Test worker] o.s.jdbc.datasource.init.ScriptUtils     : Executed SQL script from class path resource [schema.sql] in 1 ms.
2017-01-09 09:43:40.856  INFO 84823 --- [    Test worker] o.s.jdbc.datasource.init.ScriptUtils     : Executing SQL script from class path resource [drop_schema.sql]
2017-01-09 09:43:40.857  INFO 84823 --- [    Test worker] o.s.jdbc.datasource.init.ScriptUtils     : Executed SQL script from class path resource [drop_schema.sql] in 1 ms.
2017-01-09 09:43:40.857  INFO 84823 --- [    Test worker] o.s.jdbc.datasource.init.ScriptUtils     : Executing SQL script from class path resource [schema.sql]
2017-01-09 09:43:40.859  INFO 84823 --- [    Test worker] o.s.jdbc.datasource.init.ScriptUtils     : Executed SQL script from class path resource [schema.sql] in 2 ms.
2017-01-09 09:43:40.877  INFO 84823 --- [    Test worker] o.s.jdbc.datasource.init.ScriptUtils     : Executing SQL script from class path resource [drop_schema.sql]
2017-01-09 09:43:40.878  INFO 84823 --- [    Test worker] o.s.jdbc.datasource.init.ScriptUtils     : Executed SQL script from class path resource [drop_schema.sql] in 1 ms.
2017-01-09 09:43:40.878  INFO 84823 --- [    Test worker] o.s.jdbc.datasource.init.ScriptUtils     : Executing SQL script from class path resource [schema.sql]
2017-01-09 09:43:40.880  INFO 84823 --- [    Test worker] o.s.jdbc.datasource.init.ScriptUtils     : Executed SQL script from class path resource [schema.sql] in 2 ms.
2017-01-09 09:43:40.892  INFO 84823 --- [    Test worker] o.s.jdbc.datasource.init.ScriptUtils     : Executing SQL script from class path resource [drop_schema.sql]
2017-01-09 09:43:40.893  INFO 84823 --- [    Test worker] o.s.jdbc.datasource.init.ScriptUtils     : Executed SQL script from class path resource [drop_schema.sql] in 1 ms.
2017-01-09 09:43:40.893  INFO 84823 --- [    Test worker] o.s.jdbc.datasource.init.ScriptUtils     : Executing SQL script from class path resource [schema.sql]
2017-01-09 09:43:40.894  INFO 84823 --- [    Test worker] o.s.jdbc.datasource.init.ScriptUtils     : Executed SQL script from class path resource [schema.sql] in 1 ms.
2017-01-09 09:43:40.912  INFO 84823 --- [    Test worker] o.s.jdbc.datasource.init.ScriptUtils     : Executing SQL script from class path resource [drop_schema.sql]
2017-01-09 09:43:40.913  INFO 84823 --- [    Test worker] o.s.jdbc.datasource.init.ScriptUtils     : Executed SQL script from class path resource [drop_schema.sql] in 1 ms.
2017-01-09 09:43:40.913  INFO 84823 --- [    Test worker] o.s.jdbc.datasource.init.ScriptUtils     : Executing SQL script from class path resource [schema.sql]
2017-01-09 09:43:40.915  INFO 84823 --- [    Test worker] o.s.jdbc.datasource.init.ScriptUtils     : Executed SQL script from class path resource [schema.sql] in 2 ms.
2017-01-09 09:43:40.924  INFO 84823 --- [    Test worker] o.s.jdbc.datasource.init.ScriptUtils     : Executing SQL script from class path resource [drop_schema.sql]
2017-01-09 09:43:40.925  INFO 84823 --- [    Test worker] o.s.jdbc.datasource.init.ScriptUtils     : Executed SQL script from class path resource [drop_schema.sql] in 1 ms.
2017-01-09 09:43:40.925  INFO 84823 --- [    Test worker] o.s.jdbc.datasource.init.ScriptUtils     : Executing SQL script from class path resource [schema.sql]
2017-01-09 09:43:40.926  INFO 84823 --- [    Test worker] o.s.jdbc.datasource.init.ScriptUtils     : Executed SQL script from class path resource [schema.sql] in 1 ms.
2017-01-09 09:43:40.937  INFO 84823 --- [    Test worker] o.s.jdbc.datasource.init.ScriptUtils     : Executing SQL script from class path resource [drop_schema.sql]
2017-01-09 09:43:40.939  INFO 84823 --- [    Test worker] o.s.jdbc.datasource.init.ScriptUtils     : Executed SQL script from class path resource [drop_schema.sql] in 1 ms.
2017-01-09 09:43:40.939  INFO 84823 --- [    Test worker] o.s.jdbc.datasource.init.ScriptUtils     : Executing SQL script from class path resource [schema.sql]
2017-01-09 09:43:40.940  INFO 84823 --- [    Test worker] o.s.jdbc.datasource.init.ScriptUtils     : Executed SQL script from class path resource [schema.sql] in 1 ms.
2017-01-09 09:43:40.955  INFO 84823 --- [    Test worker] o.s.jdbc.datasource.init.ScriptUtils     : Executing SQL script from class path resource [drop_schema.sql]
2017-01-09 09:43:40.956  INFO 84823 --- [    Test worker] o.s.jdbc.datasource.init.ScriptUtils     : Executed SQL script from class path resource [drop_schema.sql] in 1 ms.
2017-01-09 09:43:40.956  INFO 84823 --- [    Test worker] o.s.jdbc.datasource.init.ScriptUtils     : Executing SQL script from class path resource [schema.sql]
2017-01-09 09:43:40.958  INFO 84823 --- [    Test worker] o.s.jdbc.datasource.init.ScriptUtils     : Executed SQL script from class path resource [schema.sql] in 2 ms.
]]></system-out>
  <system-err><![CDATA[]]></system-err>
</testsuite>
